0 info it worked if it ends with ok
1 verbose cli [ '/home/confiz/.linuxbrew/Cellar/node/5.10.0/bin/node',
1 verbose cli   '/home/confiz/.linuxbrew/bin/npm',
1 verbose cli   'start' ]
2 info using npm@3.8.3
3 info using node@v5.10.0
4 verbose run-script [ 'prestart', 'start', 'poststart' ]
5 info lifecycle react-blogs@1.0.0~prestart: react-blogs@1.0.0
6 silly lifecycle react-blogs@1.0.0~prestart: no script for prestart, continuing
7 info lifecycle react-blogs@1.0.0~start: react-blogs@1.0.0
8 verbose lifecycle react-blogs@1.0.0~start: unsafe-perm in lifecycle true
9 verbose lifecycle react-blogs@1.0.0~start: PATH: /home/confiz/.linuxbrew/lib/node_modules/npm/bin/node-gyp-bin:/home/confiz/Danial/react-project/node_modules/.bin:/home/confiz/.linuxbrew/Cellar/node/5.10.0/bin:/home/confiz/.linuxbrew/bin:/home/confiz/.rvm/gems/ruby-2.3.0/bin:/home/confiz/.rvm/gems/ruby-2.3.0@global/bin:/home/confiz/.rvm/rubies/ruby-2.3.0/bin:/usr/local/sbin:/usr/local/bin:/usr/sbin:/usr/bin:/sbin:/bin:/usr/games:/usr/local/games:/usr/lib/jvm/java-8-oracle/bin:/usr/lib/jvm/java-8-oracle/db/bin:/usr/lib/jvm/java-8-oracle/jre/bin:/home/confiz/.rvm/bin:/usr/lib/jvm/java-8-oracle/bin:/usr/lib/jvm/java-8-oracle/db/bin:/usr/lib/jvm/java-8-oracle/jre/bin:/home/confiz/Downloads/software_in_use/Sdk/tools:/home/confiz/Downloads/software_in_use/Sdk/platform-tools:/home/confiz/Downloads/software_in_use/flow-bin/flow-linux64-v0.36.0:/home/confiz/pakwheels-react-app-workspace/pakwheels-react-app/node_modules/.bin:/home/confiz/.rvm/bin
10 verbose lifecycle react-blogs@1.0.0~start: CWD: /home/confiz/Danial/react-project
11 silly lifecycle react-blogs@1.0.0~start: Args: [ '-c', 'webpack-dev-server' ]
12 silly lifecycle react-blogs@1.0.0~start: Returned: code: 1  signal: null
13 info lifecycle react-blogs@1.0.0~start: Failed to exec start script
14 verbose stack Error: react-blogs@1.0.0 start: `webpack-dev-server`
14 verbose stack Exit status 1
14 verbose stack     at EventEmitter.<anonymous> (/home/confiz/.linuxbrew/lib/node_modules/npm/lib/utils/lifecycle.js:239:16)
14 verbose stack     at emitTwo (events.js:100:13)
14 verbose stack     at EventEmitter.emit (events.js:185:7)
14 verbose stack     at ChildProcess.<anonymous> (/home/confiz/.linuxbrew/lib/node_modules/npm/lib/utils/spawn.js:24:14)
14 verbose stack     at emitTwo (events.js:100:13)
14 verbose stack     at ChildProcess.emit (events.js:185:7)
14 verbose stack     at maybeClose (internal/child_process.js:850:16)
14 verbose stack     at Process.ChildProcess._handle.onexit (internal/child_process.js:215:5)
15 verbose pkgid react-blogs@1.0.0
16 verbose cwd /home/confiz/Danial/react-project
17 error Linux 3.19.0-25-generic
18 error argv "/home/confiz/.linuxbrew/Cellar/node/5.10.0/bin/node" "/home/confiz/.linuxbrew/bin/npm" "start"
19 error node v5.10.0
20 error npm  v3.8.3
21 error code ELIFECYCLE
22 error react-blogs@1.0.0 start: `webpack-dev-server`
22 error Exit status 1
23 error Failed at the react-blogs@1.0.0 start script 'webpack-dev-server'.
23 error Make sure you have the latest version of node.js and npm installed.
23 error If you do, this is most likely a problem with the react-blogs package,
23 error not with npm itself.
23 error Tell the author that this fails on your system:
23 error     webpack-dev-server
23 error You can get information on how to open an issue for this project with:
23 error     npm bugs react-blogs
23 error Or if that isn't available, you can get their info via:
23 error     npm owner ls react-blogs
23 error There is likely additional logging output above.
24 verbose exit [ 1, true ]
